<?xml version="1.0" encoding="UTF-8"?>
<!-- Generated by org.testng.reporters.JUnitReportReporter -->
<testsuite hostname="CBT-Test" name="seleniumPractice.PageScroll" tests="1" failures="0" timestamp="20 Apr 2016 10:07:53 GMT" time="8.855" errors="0">
  <testcase name="scrollingToBottomofAPage" time="8.855" classname="seleniumPractice.PageScroll"/>
</testsuite> <!-- seleniumPractice.PageScroll -->
