<?xml version="1.0" encoding="UTF-8"?>
<!-- Generated by org.testng.reporters.JUnitReportReporter -->
<testsuite hostname="CBT-Test" name="seleniumPractice.JScriptExecutor" tests="1" failures="0" timestamp="15 Apr 2016 06:57:17 GMT" time="4.751" errors="0">
  <testcase name="jScriptExecutorTest" time="4.751" classname="seleniumPractice.JScriptExecutor"/>
</testsuite> <!-- seleniumPractice.JScriptExecutor -->
