<?xml version="1.0" encoding="UTF-8"?>
<!-- Generated by org.testng.reporters.JUnitReportReporter -->
<testsuite hostname="CBT-Test" name="seleniumPractice.SwitchWindows" tests="1" failures="0" timestamp="11 Apr 2016 06:12:41 GMT" time="10.768" errors="0">
  <testcase name="switchWindows" time="10.768" classname="seleniumPractice.SwitchWindows"/>
</testsuite> <!-- seleniumPractice.SwitchWindows -->
