<?xml version="1.0" encoding="UTF-8"?>
<!-- Generated by org.testng.reporters.JUnitReportReporter -->
<testsuite hostname="CBT-Test" name="seleniumPractice.SwitchWindows" tests="1" failures="0" timestamp="21 Apr 2016 12:54:55 GMT" time="30.716" errors="0">
  <testcase name="switchWindows" time="30.716" classname="seleniumPractice.SwitchWindows"/>
</testsuite> <!-- seleniumPractice.SwitchWindows -->
