<?xml version="1.0" encoding="UTF-8"?>
<!-- Generated by org.testng.reporters.JUnitReportReporter -->
<testsuite hostname="CBT-Test" name="seleniumAssignment.VerifyElement" tests="1" failures="0" timestamp="18 Apr 2016 12:53:43 GMT" time="14.123" errors="0">
  <testcase name="UsingFindElementMethod" time="14.123" classname="seleniumAssignment.VerifyElement"/>
</testsuite> <!-- seleniumAssignment.VerifyElement -->
