<?xml version="1.0" encoding="UTF-8"?>
<!-- Generated by org.testng.reporters.JUnitReportReporter -->
<testsuite hostname="CBT-Test" name="seleniumPractice.FrameHandeling" tests="1" failures="0" timestamp="11 Apr 2016 06:12:01 GMT" time="11.629" errors="0">
  <testcase name="frameHandeling" time="11.629" classname="seleniumPractice.FrameHandeling"/>
</testsuite> <!-- seleniumPractice.FrameHandeling -->
