<?xml version="1.0" encoding="UTF-8"?>
<!-- Generated by org.testng.reporters.JUnitReportReporter -->
<testsuite hostname="CBT-Test" name="seleniumPractice.PageScroll" tests="1" failures="0" timestamp="21 Apr 2016 11:01:24 GMT" time="14.557" errors="0">
  <testcase name="scrollingToBottomofAPage" time="14.557" classname="seleniumPractice.PageScroll"/>
</testsuite> <!-- seleniumPractice.PageScroll -->
