<?xml version="1.0" encoding="UTF-8"?>
<!-- Generated by org.testng.reporters.JUnitReportReporter -->
<testsuite hostname="CBT-Test" name="seleniumAssignment.ToDoFullScreenF11" tests="1" failures="0" timestamp="15 Apr 2016 06:57:17 GMT" time="4.266" errors="0">
  <testcase name="fullScreenUsingRobotClass" time="4.266" classname="seleniumAssignment.ToDoFullScreenF11"/>
</testsuite> <!-- seleniumAssignment.ToDoFullScreenF11 -->
